TN:
SF:src/app.js
FN:6,(anonymous_0)
FN:10,(anonymous_1)
FN:19,(anonymous_2)
FN:27,(anonymous_3)
FN:35,(anonymous_4)
FNF:5
FNH:5
FNDA:1,(anonymous_0)
FNDA:1,(anonymous_1)
FNDA:2,(anonymous_2)
FNDA:4,(anonymous_3)
FNDA:3,(anonymous_4)
DA:1,1
DA:2,1
DA:4,1
DA:6,1
DA:7,1
DA:10,1
DA:11,1
DA:16,1
DA:19,1
DA:20,2
DA:21,2
DA:27,4
DA:28,2
DA:29,1
DA:31,1
DA:35,1
DA:36,3
DA:38,3
DA:39,2
DA:42,1
DA:48,1
DA:51,1
LF:22
LH:22
BRDA:28,0,0,1
BRDA:28,0,1,1
BRDA:38,1,0,2
BRDA:38,1,1,1
BRDA:38,2,0,3
BRDA:38,2,1,2
BRF:6
BRH:6
end_of_record
